<?xml version="1.0" encoding="UTF-8"?>
<testsuite xmlns:xsi="http://www.w3.org/2001/XMLSchema-instance" xsi:noNamespaceSchemaLocation="https://maven.apache.org/surefire/maven-surefire-plugin/xsd/surefire-test-report.xsd" name="junit5tests.TestMinus" time="0.001" tests="6" errors="0" skipped="0" failures="0">
  <properties>
[...]
</properties>
  <testcase name="testNull" classname="junit5tests.TestMinus" time="0"/>
  <testcase name="testConstructor1" classname="junit5tests.TestMinus" time="0"/>
  <testcase name="testConstructor2" classname="junit5tests.TestMinus" time="0"/>
  <testcase name="testHashCode" classname="junit5tests.TestMinus" time="0"/>
  <testcase name="testNullParamList" classname="junit5tests.TestMinus" time="0"/>
  <testcase name="testEquals" classname="junit5tests.TestMinus" time="0"/>
</testsuite>